<?xml version="1.0" encoding="UTF-8"?>
<!-- Generated by org.testng.reporters.JUnitReportReporter -->
<testsuite hostname="DESKTOP-FQ8REV2" failures="1" tests="1" name="Tests.CreateTicketNegative" time="120.967" errors="0" timestamp="2025-03-17T15:34:45 IST" skipped="0">
  <testcase classname="Tests.CreateTicketNegative" name="CreateTicket_Eleven_Numbers_entered_Scenario" time="120.967">
    <failure message="Not all steps passed expected:&lt;10&gt; but was:&lt;7&gt;" type="java.lang.AssertionError">
      <![CDATA[java.lang.AssertionError: Not all steps passed expected:<10> but was:<7>
at org.testng.AssertJUnit.fail(AssertJUnit.java:65)
at org.testng.AssertJUnit.failNotEquals(AssertJUnit.java:467)
at org.testng.AssertJUnit.assertEquals(AssertJUnit.java:88)
at org.testng.AssertJUnit.assertEquals(AssertJUnit.java:318)
at Tests.CreateTicketNegative.CreateTicket_Eleven_Numbers_entered_Scenario(CreateTicketNegative.java:134)
at java.base/jdk.internal.reflect.DirectMethodHandleAccessor.invoke(DirectMethodHandleAccessor.java:103)
at java.base/java.lang.reflect.Method.invoke(Method.java:580)
at org.testng.internal.invokers.MethodInvocationHelper.invokeMethod(MethodInvocationHelper.java:141)
at org.testng.internal.invokers.TestInvoker.invokeMethod(TestInvoker.java:686)
at org.testng.internal.invokers.TestInvoker.invokeTestMethod(TestInvoker.java:230)
at org.testng.internal.invokers.MethodRunner.runInSequence(MethodRunner.java:63)
at org.testng.internal.invokers.TestInvoker$MethodInvocationAgent.invoke(TestInvoker.java:992)
at org.testng.internal.invokers.TestInvoker.invokeTestMethods(TestInvoker.java:203)
at org.testng.internal.invokers.TestMethodWorker.invokeTestMethods(TestMethodWorker.java:154)
at org.testng.internal.invokers.TestMethodWorker.run(TestMethodWorker.java:134)
at java.base/java.util.ArrayList.forEach(ArrayList.java:1597)
at org.testng.TestRunner.privateRun(TestRunner.java:739)
at org.testng.TestRunner.run(TestRunner.java:614)
at org.testng.SuiteRunner.runTest(SuiteRunner.java:421)
at org.testng.SuiteRunner.runSequentially(SuiteRunner.java:413)
at org.testng.SuiteRunner.privateRun(SuiteRunner.java:373)
at org.testng.SuiteRunner.run(SuiteRunner.java:312)
at org.testng.SuiteRunnerWorker.runSuite(SuiteRunnerWorker.java:52)
at org.testng.SuiteRunnerWorker.run(SuiteRunnerWorker.java:95)
at org.testng.TestNG.runSuitesSequentially(TestNG.java:1274)
at org.testng.TestNG.runSuitesLocally(TestNG.java:1208)
at org.testng.TestNG.runSuites(TestNG.java:1112)
at org.testng.TestNG.run(TestNG.java:1079)
at com.intellij.rt.testng.IDEARemoteTestNG.run(IDEARemoteTestNG.java:65)
at com.intellij.rt.testng.RemoteTestNGStarter.main(RemoteTestNGStarter.java:105)
]]>
    </failure>
    <system-out>
      <![CDATA[✅ Generated Mobile Number: 88392270547
An error occurred while interacting with the 'Enter your name' field: Expected condition failed: waiting for element to be clickable: Proxy element for: DefaultElementLocator 'By.xpath: //android.widget.EditText[@text='Enter your name']' (tried for 10 second(s) with 500 milliseconds interval)
An error occurred while interacting with the 'Enter your email' field: Expected condition failed: waiting for element to be clickable: Proxy element for: DefaultElementLocator 'By.xpath: //android.widget.EditText[@text='Enter your email']' (tried for 10 second(s) with 500 milliseconds interval)
An error occurred while interacting with the 'Select issue type' ImageView: Expected condition failed: waiting for element to be clickable: Proxy element for: DefaultElementLocator 'By.xpath: //android.view.ViewGroup[@content-desc='Select issue type']/android.widget.ImageView' (tried for 10 second(s) with 500 milliseconds interval)
An error occurred while interacting with the 'Login issue' ImageView: Expected condition failed: waiting for element to be clickable: Proxy element for: DefaultElementLocator 'By.xpath: //android.view.ViewGroup[@content-desc='Login issue']/android.view.ViewGroup/android.widget.ImageView' (tried for 10 second(s) with 500 milliseconds interval)
An error occurred while interacting with the 'Confirm' TextView: Expected condition failed: waiting for element to be clickable: Proxy element for: DefaultElementLocator 'By.xpath: //android.widget.TextView[@text='Confirm']' (tried for 10 second(s) with 500 milliseconds interval)
An error occurred while interacting with the 'Write your issue here...' field: Expected condition failed: waiting for element to be clickable: Proxy element for: DefaultElementLocator 'By.xpath: //android.widget.EditText[@text='Write your issue here...']' (tried for 10 second(s) with 500 milliseconds interval)]]>
    </system-out>
  </testcase> <!-- CreateTicket_Eleven_Numbers_entered_Scenario -->
  <system-out>
    <![CDATA[✅ Generated Mobile Number: 88392270547
An error occurred while interacting with the 'Enter your name' field: Expected condition failed: waiting for element to be clickable: Proxy element for: DefaultElementLocator 'By.xpath: //android.widget.EditText[@text='Enter your name']' (tried for 10 second(s) with 500 milliseconds interval)
An error occurred while interacting with the 'Enter your email' field: Expected condition failed: waiting for element to be clickable: Proxy element for: DefaultElementLocator 'By.xpath: //android.widget.EditText[@text='Enter your email']' (tried for 10 second(s) with 500 milliseconds interval)
An error occurred while interacting with the 'Select issue type' ImageView: Expected condition failed: waiting for element to be clickable: Proxy element for: DefaultElementLocator 'By.xpath: //android.view.ViewGroup[@content-desc='Select issue type']/android.widget.ImageView' (tried for 10 second(s) with 500 milliseconds interval)
An error occurred while interacting with the 'Login issue' ImageView: Expected condition failed: waiting for element to be clickable: Proxy element for: DefaultElementLocator 'By.xpath: //android.view.ViewGroup[@content-desc='Login issue']/android.view.ViewGroup/android.widget.ImageView' (tried for 10 second(s) with 500 milliseconds interval)
An error occurred while interacting with the 'Confirm' TextView: Expected condition failed: waiting for element to be clickable: Proxy element for: DefaultElementLocator 'By.xpath: //android.widget.TextView[@text='Confirm']' (tried for 10 second(s) with 500 milliseconds interval)
An error occurred while interacting with the 'Write your issue here...' field: Expected condition failed: waiting for element to be clickable: Proxy element for: DefaultElementLocator 'By.xpath: //android.widget.EditText[@text='Write your issue here...']' (tried for 10 second(s) with 500 milliseconds interval)]]>
  </system-out>
</testsuite> <!-- Tests.CreateTicketNegative -->
