<?xml version="1.0" encoding="UTF-8"?>
<!-- Generated by org.testng.reporters.JUnitReportReporter -->
<testsuite hostname="DESKTOP-FQ8REV2" failures="0" tests="1" name="Tests.ReceiveFunds" time="137.744" errors="1" timestamp="2025-04-10T18:57:35 IST" skipped="0">
  <testcase classname="Tests.ReceiveFunds" name="Receive_Funds_Scenario" time="137.744">
    <error message="Expected condition failed: waiting for visibility of Proxy element for: DefaultElementLocator &#039;By.xpath: //*[@class = &#039;android.widget.TextView&#039; and (@text = &#039;Tron Network&#039; or . = &#039;Tron Network&#039;)]&#039; (tried for 20 second(s) with 500 milliseconds interval)" type="org.openqa.selenium.TimeoutException">
      <![CDATA[org.openqa.selenium.TimeoutException: Expected condition failed: waiting for visibility of Proxy element for: DefaultElementLocator 'By.xpath: //*[@class = 'android.widget.TextView' and (@text = 'Tron Network' or . = 'Tron Network')]' (tried for 20 second(s) with 500 milliseconds interval)
at org.openqa.selenium.support.ui.WebDriverWait.timeoutException(WebDriverWait.java:84)
at org.openqa.selenium.support.ui.FluentWait.until(FluentWait.java:228)
at pages.OperationsButton.clickOnUSDTText(OperationsButton.java:1818)
at Tests.ReceiveFunds.Receive_Funds_Scenario(ReceiveFunds.java:123)
at java.base/jdk.internal.reflect.DirectMethodHandleAccessor.invoke(DirectMethodHandleAccessor.java:103)
at java.base/java.lang.reflect.Method.invoke(Method.java:580)
at org.testng.internal.invokers.MethodInvocationHelper.invokeMethod(MethodInvocationHelper.java:141)
at org.testng.internal.invokers.TestInvoker.invokeMethod(TestInvoker.java:686)
at org.testng.internal.invokers.TestInvoker.invokeTestMethod(TestInvoker.java:230)
at org.testng.internal.invokers.MethodRunner.runInSequence(MethodRunner.java:63)
at org.testng.internal.invokers.TestInvoker$MethodInvocationAgent.invoke(TestInvoker.java:992)
at org.testng.internal.invokers.TestInvoker.invokeTestMethods(TestInvoker.java:203)
at org.testng.internal.invokers.TestMethodWorker.invokeTestMethods(TestMethodWorker.java:154)
at org.testng.internal.invokers.TestMethodWorker.run(TestMethodWorker.java:134)
at java.base/java.util.ArrayList.forEach(ArrayList.java:1597)
at org.testng.TestRunner.privateRun(TestRunner.java:739)
at org.testng.TestRunner.run(TestRunner.java:614)
at org.testng.SuiteRunner.runTest(SuiteRunner.java:421)
at org.testng.SuiteRunner.runSequentially(SuiteRunner.java:413)
at org.testng.SuiteRunner.privateRun(SuiteRunner.java:373)
at org.testng.SuiteRunner.run(SuiteRunner.java:312)
at org.testng.SuiteRunnerWorker.runSuite(SuiteRunnerWorker.java:52)
at org.testng.SuiteRunnerWorker.run(SuiteRunnerWorker.java:95)
at org.testng.TestNG.runSuitesSequentially(TestNG.java:1274)
at org.testng.TestNG.runSuitesLocally(TestNG.java:1208)
at org.testng.TestNG.runSuites(TestNG.java:1112)
at org.testng.TestNG.run(TestNG.java:1079)
at com.intellij.rt.testng.IDEARemoteTestNG.run(IDEARemoteTestNG.java:65)
at com.intellij.rt.testng.RemoteTestNGStarter.main(RemoteTestNGStarter.java:105)
Caused by: org.openqa.selenium.NoSuchElementException: An element could not be located on the page using the given search parameters.
For documentation on this error, please visit: https://www.selenium.dev/documentation/webdriver/troubleshooting/errors#no-such-element-exception
Build info: version: '4.31.0', revision: '1ef9f18787*'
System info: os.name: 'Windows 10', os.arch: 'amd64', os.version: '10.0', java.version: '23.0.2'
Driver info: io.appium.java_client.android.AndroidDriver
Command: [de4a0f59-4419-4b68-b96b-f2dade8f33a8, findElement {value=//*[@class = 'android.widget.TextView' and (@text = 'Tron Network' or . = 'Tron Network')], using=xpath}]
Capabilities {appium:app: C://Users//hp//Downloads//P..., appium:appActivity: com.paycio.MainActivity, appium:appPackage: com.paycio, appium:automationName: UIAutomator2, appium:databaseEnabled: false, appium:desired: {app: C://Users//hp//Downloads//P..., automationName: UIAutomator2, deviceName: Vivo I2208 API 34, fullReset: false, noReset: true, platformName: ANDROID}, appium:deviceApiLevel: 34, appium:deviceManufacturer: vivo, appium:deviceModel: I2208, appium:deviceName: 10BD6C0Z8R000Y5, appium:deviceScreenDensity: 440, appium:deviceScreenSize: 1080x2408, appium:deviceUDID: 10BD6C0Z8R000Y5, appium:fullReset: false, appium:javascriptEnabled: true, appium:locationContextEnabled: false, appium:networkConnectionEnabled: true, appium:noReset: true, appium:pixelRatio: 2.75, appium:platformVersion: 14, appium:statBarHeight: 88, appium:takesScreenshot: true, appium:viewportRect: {height: 2320, left: 0, top: 88, width: 1080}, appium:warnings: {}, appium:webStorageEnabled: false, platformName: ANDROID}
Session ID: de4a0f59-4419-4b68-b96b-f2dade8f33a8
at java.base/jdk.internal.reflect.DirectConstructorHandleAccessor.newInstance(DirectConstructorHandleAccessor.java:62)
at java.base/java.lang.reflect.Constructor.newInstanceWithCaller(Constructor.java:501)
at java.base/java.lang.reflect.Constructor.newInstance(Constructor.java:485)
at org.openqa.selenium.remote.ErrorCodec.decode(ErrorCodec.java:167)
at org.openqa.selenium.remote.codec.w3c.W3CHttpResponseCodec.decode(W3CHttpResponseCodec.java:138)
at org.openqa.selenium.remote.codec.w3c.W3CHttpResponseCodec.decode(W3CHttpResponseCodec.java:50)
at org.openqa.selenium.remote.HttpCommandExecutor.execute(HttpCommandExecutor.java:215)
at io.appium.java_client.remote.AppiumCommandExecutor.execute(AppiumCommandExecutor.java:237)
at org.openqa.selenium.remote.RemoteWebDriver.execute(RemoteWebDriver.java:545)
at org.openqa.selenium.remote.ElementLocation$ElementFinder$2.findElement(ElementLocation.java:165)
at org.openqa.selenium.remote.ElementLocation.findElement(ElementLocation.java:59)
at org.openqa.selenium.remote.RemoteWebDriver.findElement(RemoteWebDriver.java:368)
at org.openqa.selenium.remote.RemoteWebDriver.findElement(RemoteWebDriver.java:362)
at org.openqa.selenium.support.pagefactory.DefaultElementLocator.findElement(DefaultElementLocator.java:68)
at org.openqa.selenium.support.pagefactory.internal.LocatingElementHandler.invoke(LocatingElementHandler.java:38)
at jdk.proxy2/jdk.proxy2.$Proxy16.isDisplayed(Unknown Source)
at org.openqa.selenium.support.ui.ExpectedConditions.elementIfVisible(ExpectedConditions.java:304)
at org.openqa.selenium.support.ui.ExpectedConditions$10.apply(ExpectedConditions.java:290)
at org.openqa.selenium.support.ui.ExpectedConditions$10.apply(ExpectedConditions.java:287)
at org.openqa.selenium.support.ui.FluentWait.until(FluentWait.java:203)
... 27 more
]]>
    </error>
    <system-out>
      <![CDATA[<b>‚úÖ Clicked on the 'Receive Funds' TextView.</b>
Attempting to click on the 'Bitcoin' text element.
üîç Total unique currencies found: 0
Clicked on Ethereum TextView
üì∏ Screenshot after clicking Ethereum: C:\Users\hp\Desktop\AppiumAutomation\PayCioAutomation\screenshots\Ethereum_Screenshot_20250410_185530.png
Clicked on Ethereum TextView
Clicked on Lite Coin TextView
üì∏ Screenshot after clicking Litecoin: C:\Users\hp\Desktop\AppiumAutomation\PayCioAutomation\screenshots\LiteCoin_Screenshot_20250410_185539.png
Clicked on Lite Coin TextView
Clicked on BitCoin Cash TextView
üì∏ Screenshot after clicking BitCoin Cash: C:\Users\hp\Desktop\AppiumAutomation\PayCioAutomation\screenshots\BitCoinCash_Screenshot_20250410_185548.png
Clicked on BitCoin Cash TextView
Clicked on USDC TextView
Clicked on USDC TextView
‚úÖ Clicked on Binance Coin TextView
‚úÖ Clicked on Binance Coin TextView
‚úÖ Clicked on Tron TextView
‚úÖ Clicked on Tron TextView
clicked on True USD 
clicked on True USD 
‚úÖ Clicked on Dash TextView
‚úÖ Clicked on Dash TextView
‚úÖ Clicked on Doge Coin TextView
‚úÖ Clicked on Doge TextView using Actions class
‚ùå Failed to scroll and click on USDT: An element could not be located on the page using the given search parameters.
For documentation on this error, please visit: https://www.selenium.dev/documentation/webdriver/troubleshooting/errors#no-such-element-exception
Build info: version: '4.31.0', revision: '1ef9f18787*'
System info: os.name: 'Windows 10', os.arch: 'amd64', os.version: '10.0', java.version: '23.0.2'
Driver info: io.appium.java_client.android.AndroidDriver
Command: [de4a0f59-4419-4b68-b96b-f2dade8f33a8, findElement {value=new UiScrollable(new UiSelector().className("android.widget.ScrollView").scrollable(true)).scrollIntoView(new UiSelector().text("USDT, USDT, Tron Network")), using=-android uiautomator}]
Capabilities {appium:app: C://Users//hp//Downloads//P..., appium:appActivity: com.paycio.MainActivity, appium:appPackage: com.paycio, appium:automationName: UIAutomator2, appium:databaseEnabled: false, appium:desired: {app: C://Users//hp//Downloads//P..., automationName: UIAutomator2, deviceName: Vivo I2208 API 34, fullReset: false, noReset: true, platformName: ANDROID}, appium:deviceApiLevel: 34, appium:deviceManufacturer: vivo, appium:deviceModel: I2208, appium:deviceName: 10BD6C0Z8R000Y5, appium:deviceScreenDensity: 440, appium:deviceScreenSize: 1080x2408, appium:deviceUDID: 10BD6C0Z8R000Y5, appium:fullReset: false, appium:javascriptEnabled: true, appium:locationContextEnabled: false, appium:networkConnectionEnabled: true, appium:noReset: true, appium:pixelRatio: 2.75, appium:platformVersion: 14, appium:statBarHeight: 88, appium:takesScreenshot: true, appium:viewportRect: {height: 2320, left: 0, top: 88, width: 1080}, appium:warnings: {}, appium:webStorageEnabled: false, platformName: ANDROID}
Session ID: de4a0f59-4419-4b68-b96b-f2dade8f33a8
üì∑ Screenshot [FAIL]: <a href='test-output/screenshots/Receive_Funds_Scenario_FAIL_20250410_185734.png'>View</a>]]>
    </system-out>
  </testcase> <!-- Receive_Funds_Scenario -->
  <system-out>
    <![CDATA[<b>‚úÖ Clicked on the 'Receive Funds' TextView.</b>
Attempting to click on the 'Bitcoin' text element.
üîç Total unique currencies found: 0
Clicked on Ethereum TextView
üì∏ Screenshot after clicking Ethereum: C:\Users\hp\Desktop\AppiumAutomation\PayCioAutomation\screenshots\Ethereum_Screenshot_20250410_185530.png
Clicked on Ethereum TextView
Clicked on Lite Coin TextView
üì∏ Screenshot after clicking Litecoin: C:\Users\hp\Desktop\AppiumAutomation\PayCioAutomation\screenshots\LiteCoin_Screenshot_20250410_185539.png
Clicked on Lite Coin TextView
Clicked on BitCoin Cash TextView
üì∏ Screenshot after clicking BitCoin Cash: C:\Users\hp\Desktop\AppiumAutomation\PayCioAutomation\screenshots\BitCoinCash_Screenshot_20250410_185548.png
Clicked on BitCoin Cash TextView
Clicked on USDC TextView
Clicked on USDC TextView
‚úÖ Clicked on Binance Coin TextView
‚úÖ Clicked on Binance Coin TextView
‚úÖ Clicked on Tron TextView
‚úÖ Clicked on Tron TextView
clicked on True USD 
clicked on True USD 
‚úÖ Clicked on Dash TextView
‚úÖ Clicked on Dash TextView
‚úÖ Clicked on Doge Coin TextView
‚úÖ Clicked on Doge TextView using Actions class
‚ùå Failed to scroll and click on USDT: An element could not be located on the page using the given search parameters.
For documentation on this error, please visit: https://www.selenium.dev/documentation/webdriver/troubleshooting/errors#no-such-element-exception
Build info: version: '4.31.0', revision: '1ef9f18787*'
System info: os.name: 'Windows 10', os.arch: 'amd64', os.version: '10.0', java.version: '23.0.2'
Driver info: io.appium.java_client.android.AndroidDriver
Command: [de4a0f59-4419-4b68-b96b-f2dade8f33a8, findElement {value=new UiScrollable(new UiSelector().className("android.widget.ScrollView").scrollable(true)).scrollIntoView(new UiSelector().text("USDT, USDT, Tron Network")), using=-android uiautomator}]
Capabilities {appium:app: C://Users//hp//Downloads//P..., appium:appActivity: com.paycio.MainActivity, appium:appPackage: com.paycio, appium:automationName: UIAutomator2, appium:databaseEnabled: false, appium:desired: {app: C://Users//hp//Downloads//P..., automationName: UIAutomator2, deviceName: Vivo I2208 API 34, fullReset: false, noReset: true, platformName: ANDROID}, appium:deviceApiLevel: 34, appium:deviceManufacturer: vivo, appium:deviceModel: I2208, appium:deviceName: 10BD6C0Z8R000Y5, appium:deviceScreenDensity: 440, appium:deviceScreenSize: 1080x2408, appium:deviceUDID: 10BD6C0Z8R000Y5, appium:fullReset: false, appium:javascriptEnabled: true, appium:locationContextEnabled: false, appium:networkConnectionEnabled: true, appium:noReset: true, appium:pixelRatio: 2.75, appium:platformVersion: 14, appium:statBarHeight: 88, appium:takesScreenshot: true, appium:viewportRect: {height: 2320, left: 0, top: 88, width: 1080}, appium:warnings: {}, appium:webStorageEnabled: false, platformName: ANDROID}
Session ID: de4a0f59-4419-4b68-b96b-f2dade8f33a8
üì∑ Screenshot [FAIL]: <a href='test-output/screenshots/Receive_Funds_Scenario_FAIL_20250410_185734.png'>View</a>]]>
  </system-out>
</testsuite> <!-- Tests.ReceiveFunds -->
