<?xml version="1.0" encoding="UTF-8"?>
<!-- Generated by org.testng.reporters.JUnitXMLReporter -->
<testsuite ignored="0" hostname="DESKTOP-FQ8REV2" failures="2" tests="3" name="CreateTicket_Negative_Test_cases" time="21.857" errors="0" timestamp="2025-03-17T15:16:56 IST">
  <testcase classname="pages.BaseTest" name="@BeforeClass ConfigureAppium" time="8.919">
    <failure type="org.openqa.selenium.SessionNotCreatedException" message="Could not start a new session. Response code 500. Message: An unknown server-side error occurred while processing the command. Original error: Could not proxy command to the remote server. Original error: socket hang up 
Host info: host: &amp;apos;DESKTOP-FQ8REV2&amp;apos;, ip: &amp;apos;10.10.0.163&amp;apos;
Build info: version: &amp;apos;4.29.0&amp;apos;, revision: &amp;apos;5fc1ec94cb&amp;apos;
System info: os.name: &amp;apos;Windows 10&amp;apos;, os.arch: &amp;apos;amd64&amp;apos;, os.version: &amp;apos;10.0&amp;apos;, java.version: &amp;apos;23.0.2&amp;apos;
Driver info: io.appium.java_client.android.AndroidDriver
Command: [null, newSession {capabilities=[Capabilities {appium:app: C://Users//hp//Downloads//P..., appium:automationName: UIAutomator2, appium:deviceName: Vivo I2208 API 34, appium:noReset: true, platformName: ANDROID}]}]
Capabilities {appium:app: C://Users//hp//Downloads//P..., appium:automationName: UIAutomator2, appium:deviceName: Vivo I2208 API 34, appium:noReset: true, platformName: ANDROID}">
      <![CDATA[org.openqa.selenium.SessionNotCreatedException: Could not start a new session. Response code 500. Message: An unknown server-side error occurred while processing the command. Original error: Could not proxy command to the remote server. Original error: socket hang up 
Host info: host: 'DESKTOP-FQ8REV2', ip: '10.10.0.163'
Build info: version: '4.29.0', revision: '5fc1ec94cb'
System info: os.name: 'Windows 10', os.arch: 'amd64', os.version: '10.0', java.version: '23.0.2'
Driver info: io.appium.java_client.android.AndroidDriver
Command: [null, newSession {capabilities=[Capabilities {appium:app: C://Users//hp//Downloads//P..., appium:automationName: UIAutomator2, appium:deviceName: Vivo I2208 API 34, appium:noReset: true, platformName: ANDROID}]}]
Capabilities {appium:app: C://Users//hp//Downloads//P..., appium:automationName: UIAutomator2, appium:deviceName: Vivo I2208 API 34, appium:noReset: true, platformName: ANDROID}
at org.openqa.selenium.remote.ProtocolHandshake.createSession(ProtocolHandshake.java:114)
at org.openqa.selenium.remote.ProtocolHandshake.createSession(ProtocolHandshake.java:75)
at org.openqa.selenium.remote.ProtocolHandshake.createSession(ProtocolHandshake.java:61)
at io.appium.java_client.remote.AppiumCommandExecutor.createSession(AppiumCommandExecutor.java:176)
at io.appium.java_client.remote.AppiumCommandExecutor.execute(AppiumCommandExecutor.java:237)
at org.openqa.selenium.remote.RemoteWebDriver.execute(RemoteWebDriver.java:545)
at io.appium.java_client.AppiumDriver.startSession(AppiumDriver.java:270)
at org.openqa.selenium.remote.RemoteWebDriver.<init>(RemoteWebDriver.java:174)
at io.appium.java_client.AppiumDriver.<init>(AppiumDriver.java:91)
at io.appium.java_client.AppiumDriver.<init>(AppiumDriver.java:103)
at io.appium.java_client.android.AndroidDriver.<init>(AndroidDriver.java:109)
at pages.BaseTest.ConfigureAppium(BaseTest.java:79)
at java.base/java.util.concurrent.Executors$RunnableAdapter.call(Executors.java:572)
at java.base/java.util.concurrent.FutureTask.run$$$capture(FutureTask.java:317)
at java.base/java.util.concurrent.FutureTask.run(FutureTask.java)
at --- Async.Stack.Trace --- (captured by IntelliJ IDEA debugger)
at java.base/java.util.concurrent.FutureTask.<init>(FutureTask.java:151)
at com.intellij.rt.testng.IDEARemoteTestNG.run(IDEARemoteTestNG.java:65)
at com.intellij.rt.testng.RemoteTestNGStarter.main(RemoteTestNGStarter.java:105)
... Removed 24 stack frames]]>
    </failure>
  </testcase> <!-- @BeforeClass ConfigureAppium -->
  <testcase classname="Tests.CreateTicketTest" name="@BeforeMethod setUpLoginClass" time="0.0">
    <skipped/>
  </testcase> <!-- @BeforeMethod setUpLoginClass -->
  <testcase classname="pages.BaseTest" name="@AfterClass tearDown" time="0.0">
    <skipped/>
  </testcase> <!-- @AfterClass tearDown -->
  <testcase classname="Tests.CreateTicketTest" name="CreateTicket_Nine_Numbers_entered_Scenario" time="0.0">
    <skipped/>
  </testcase> <!-- CreateTicket_Nine_Numbers_entered_Scenario -->
  <testcase classname="Tests.CreateTicketEmptyTrying" name="CreateTicket_Empty_Num_Field_Scenario" time="3.227">
    <failure type="java.lang.AssertionError" message="Not all steps passed expected:&amp;lt;10&amp;gt; but was:&amp;lt;6&amp;gt;">
      <![CDATA[java.lang.AssertionError: Not all steps passed expected:<10> but was:<6>
at Tests.CreateTicketEmptyTrying.CreateTicket_Empty_Num_Field_Scenario(CreateTicketEmptyTrying.java:135)
at java.base/java.util.concurrent.Executors$RunnableAdapter.call(Executors.java:572)
at java.base/java.util.concurrent.FutureTask.run$$$capture(FutureTask.java:317)
at java.base/java.util.concurrent.FutureTask.run(FutureTask.java)
at --- Async.Stack.Trace --- (captured by IntelliJ IDEA debugger)
at java.base/java.util.concurrent.FutureTask.<init>(FutureTask.java:151)
at com.intellij.rt.testng.IDEARemoteTestNG.run(IDEARemoteTestNG.java:65)
at com.intellij.rt.testng.RemoteTestNGStarter.main(RemoteTestNGStarter.java:105)
... Removed 30 stack frames]]>
    </failure>
  </testcase> <!-- CreateTicket_Empty_Num_Field_Scenario -->
  <testcase classname="Tests.CreateTicketNegative" name="CreateTicket_Eleven_Numbers_entered_Scenario" time="10.242">
    <failure type="java.lang.AssertionError" message="Not all steps passed expected:&amp;lt;10&amp;gt; but was:&amp;lt;6&amp;gt;">
      <![CDATA[java.lang.AssertionError: Not all steps passed expected:<10> but was:<6>
at Tests.CreateTicketNegative.CreateTicket_Eleven_Numbers_entered_Scenario(CreateTicketNegative.java:134)
at java.base/java.util.concurrent.Executors$RunnableAdapter.call(Executors.java:572)
at java.base/java.util.concurrent.FutureTask.run$$$capture(FutureTask.java:317)
at java.base/java.util.concurrent.FutureTask.run(FutureTask.java)
at --- Async.Stack.Trace --- (captured by IntelliJ IDEA debugger)
at java.base/java.util.concurrent.FutureTask.<init>(FutureTask.java:151)
at com.intellij.rt.testng.IDEARemoteTestNG.run(IDEARemoteTestNG.java:65)
at com.intellij.rt.testng.RemoteTestNGStarter.main(RemoteTestNGStarter.java:105)
... Removed 30 stack frames]]>
    </failure>
  </testcase> <!-- CreateTicket_Eleven_Numbers_entered_Scenario -->
</testsuite> <!-- CreateTicket_Negative_Test_cases -->
